<?xml version="1.0" encoding="UTF-8"?>
<testsuite xmlns:xsi="http://www.w3.org/2001/XMLSchema-instance" xsi:noNamespaceSchemaLocation="https://maven.apache.org/surefire/maven-surefire-plugin/xsd/surefire-test-report.xsd" version="3.0.2" name="br.com.globalsolution.GlobalSolutionApplicationTests" time="11.905" tests="1" errors="0" skipped="0" failures="0">
  <properties>
[...]
</properties>
  <testcase name="contextLoads" classname="br.com.globalsolution.GlobalSolutionApplicationTests" time="1.223">
    <system-out><![CDATA[23:38:04.028 [main] INFO org.springframework.test.context.support.AnnotationConfigContextLoaderUtils -- Could not detect default configuration classes for test class [br.com.globalsolution.GlobalSolutionApplicationTests]: GlobalSolutionApplicationTests does not declare any static, non-private, non-final, nested classes annotated with @Configuration.
23:38:04.267 [main] INFO org.springframework.boot.test.context.SpringBootTestContextBootstrapper -- Found @SpringBootConfiguration br.com.globalsolution.GlobalSolutionApplication for test class br.com.globalsolution.GlobalSolutionApplicationTests

  .   ____          _            __ _ _
 /\\ / ___'_ __ _ _(_)_ __  __ _ \ \ \ \
( ( )\___ | '_ | '_| | '_ \/ _` | \ \ \ \
 \\/  ___)| |_)| | | | | || (_| |  ) ) ) )
  '  |____| .__|_| |_|_| |_\__, | / / / /
 =========|_|==============|___/=/_/_/_/

 :: Spring Boot ::                (v3.4.5)

2026-06-02T23:38:05.758-03:00  INFO 41452 --- [global-solution] [           main] b.c.g.GlobalSolutionApplicationTests     : Starting GlobalSolutionApplicationTests using Java 24.0.1 with PID 41452 (started by ti_delpi in C:\Projetos\Global-Solution-VR)
2026-06-02T23:38:05.762-03:00  INFO 41452 --- [global-solution] [           main] b.c.g.GlobalSolutionApplicationTests     : No active profile set, falling back to 1 default profile: "default"
2026-06-02T23:38:07.311-03:00  INFO 41452 --- [global-solution] [           main] .s.d.r.c.RepositoryConfigurationDelegate : Bootstrapping Spring Data JPA repositories in DEFAULT mode.
2026-06-02T23:38:07.467-03:00  INFO 41452 --- [global-solution] [           main] .s.d.r.c.RepositoryConfigurationDelegate : Finished Spring Data repository scanning in 134 ms. Found 8 JPA repository interfaces.
2026-06-02T23:38:08.211-03:00  INFO 41452 --- [global-solution] [           main] o.hibernate.jpa.internal.util.LogHelper  : HHH000204: Processing PersistenceUnitInfo [name: default]
2026-06-02T23:38:08.337-03:00  INFO 41452 --- [global-solution] [           main] org.hibernate.Version                    : HHH000412: Hibernate ORM core version 6.6.13.Final
2026-06-02T23:38:08.433-03:00  INFO 41452 --- [global-solution] [           main] o.h.c.internal.RegionFactoryInitiator    : HHH000026: Second-level cache disabled
2026-06-02T23:38:09.178-03:00  INFO 41452 --- [global-solution] [           main] o.s.o.j.p.SpringPersistenceUnitInfo      : No LoadTimeWeaver setup: ignoring JPA class transformer
2026-06-02T23:38:09.249-03:00  INFO 41452 --- [global-solution] [           main] com.zaxxer.hikari.HikariDataSource       : HikariPool-1 - Starting...
2026-06-02T23:38:09.548-03:00  INFO 41452 --- [global-solution] [           main] com.zaxxer.hikari.pool.HikariPool        : HikariPool-1 - Added connection com.mysql.cj.jdbc.ConnectionImpl@15586843
2026-06-02T23:38:09.550-03:00  INFO 41452 --- [global-solution] [           main] com.zaxxer.hikari.HikariDataSource       : HikariPool-1 - Start completed.
2026-06-02T23:38:09.633-03:00  WARN 41452 --- [global-solution] [           main] org.hibernate.orm.deprecation            : HHH90000025: MySQLDialect does not need to be specified explicitly using 'hibernate.dialect' (remove the property setting and it will be selected by default)
2026-06-02T23:38:09.663-03:00  INFO 41452 --- [global-solution] [           main] org.hibernate.orm.connections.pooling    : HHH10001005: Database info:
	Database JDBC URL [Connecting through datasource 'HikariDataSource (HikariPool-1)']
	Database driver: undefined/unknown
	Database version: 8.0.46
	Autocommit mode: undefined/unknown
	Isolation level: undefined/unknown
	Minimum pool size: undefined/unknown
	Maximum pool size: undefined/unknown
2026-06-02T23:38:11.999-03:00  INFO 41452 --- [global-solution] [           main] o.h.e.t.j.p.i.JtaPlatformInitiator       : HHH000489: No JTA platform available (set 'hibernate.transaction.jta.platform' to enable JTA platform integration)
2026-06-02T23:38:12.155-03:00  INFO 41452 --- [global-solution] [           main] j.LocalContainerEntityManagerFactoryBean : Initialized JPA EntityManagerFactory for persistence unit 'default'
2026-06-02T23:38:13.099-03:00  INFO 41452 --- [global-solution] [           main] o.s.d.j.r.query.QueryEnhancerFactory     : Hibernate is in classpath; If applicable, HQL parser will be used.
2026-06-02T23:38:13.599-03:00  WARN 41452 --- [global-solution] [           main] JpaBaseConfiguration$JpaWebConfiguration : spring.jpa.open-in-view is enabled by default. Therefore, database queries may be performed during view rendering. Explicitly configure spring.jpa.open-in-view to disable this warning
2026-06-02T23:38:13.642-03:00  INFO 41452 --- [global-solution] [           main] o.s.b.a.w.s.WelcomePageHandlerMapping    : Adding welcome page: class path resource [static/index.html]
2026-06-02T23:38:14.447-03:00  INFO 41452 --- [global-solution] [           main] b.c.g.GlobalSolutionApplicationTests     : Started GlobalSolutionApplicationTests in 9.488 seconds (process running for 11.626)
]]></system-out>
    <system-err><![CDATA[Mockito is currently self-attaching to enable the inline-mock-maker. This will no longer work in future releases of the JDK. Please add Mockito as an agent to your build what is described in Mockito's documentation: https://javadoc.io/doc/org.mockito/mockito-core/latest/org/mockito/Mockito.html#0.3
WARNING: A Java agent has been loaded dynamically (C:\Users\pcp_ues\.m2\repository\net\bytebuddy\byte-buddy-agent\1.15.11\byte-buddy-agent-1.15.11.jar)
WARNING: If a serviceability tool is in use, please run with -XX:+EnableDynamicAgentLoading to hide this warning
WARNING: If a serviceability tool is not in use, please run with -Djdk.instrument.traceUsage for more information
WARNING: Dynamic loading of agents will be disallowed by default in a future release
]]></system-err>
  </testcase>
</testsuite>